#
# A fatal error has been detected by the Java Runtime Environment:
#
#  SIGSEGV (0xb) at pc=0xb6deba23, pid=9051, tid=1787906928
#
# JRE version: 6.0_23-b23
# Java VM: OpenJDK Server VM (20.0-b11 mixed mode linux-x86 )
# Derivative: IcedTea6 1.11pre
# Distribution: Ubuntu 11.10, package 6b23~pre11-0ubuntu1.11.10.2
# Problematic frame:
# V  [libjvm.so+0x4a7a23]  PhaseIdealLoop::build_loop_late_post(Node*)+0x143
#
# If you would like to submit a bug report, please include
# instructions how to reproduce the bug and visit:
#   https://bugs.launchpad.net/ubuntu/+source/openjdk-6/
#

---------------  T H R E A D  ---------------

Current thread (0x6add2800):  JavaThread "C2 CompilerThread0" daemon [_thread_in_native, id=9063, stack(0x6a894000,0x6a915000)]

siginfo:si_signo=SIGSEGV: si_errno=0, si_code=1 (SEGV_MAPERR), si_addr=0x00000004

Registers:
EAX=0x00000000, EBX=0xb71a6ff4, ECX=0x08ab4d00, EDX=0x69a2ef60
ESP=0x6a912b30, EBP=0x08f22148, ESI=0x6a9133cc, EDI=0x69a2ef60
EIP=0xb6deba23, EFLAGS=0x00010297, CR2=0x00000004

Top of Stack: (sp=0x6a912b30)
0x6a912b30:   6a9133cc 08b482bc 094f7454 69e4e860
0x6a912b40:   69e4e1c0 00000000 00000200 b71a6ff4
0x6a912b50:   b76feb16 b76febad b71a6ff4 00002000
0x6a912b60:   08ab4dcc 00000000 094f7454 6a9133dc
0x6a912b70:   b76feb16 6a91368c b71a6ff4 b71a6ff4
0x6a912b80:   08b482bc 00000178 092748c4 b6debfb0
0x6a912b90:   6a9133cc 08b482bc 00000040 b71a6ff4
0x6a912ba0:   6a9133cc 00000002 00000002 6a91367c 

Instructions: (pc=0xb6deba23)
0xb6deba03:   29 04 00 00 39 f8 0f 84 b5 03 00 00 8b 50 1c 89
0xb6deba13:   44 24 30 66 90 8b be d0 02 00 00 8d 14 97 8b 02
0xb6deba23:   8b 48 04 8b 29 85 ed 75 1f 8b 7e 14 90 8b 48 1c
0xb6deba33:   31 c0 39 f9 73 09 8b 46 18 8b 04 88 83 e0 fe 8b 

Register to memory mapping:

EAX=0x00000000 is an unknown value
EBX=0xb71a6ff4: <offset 0x862ff4> in /usr/lib/jvm/java-6-openjdk/jre/lib/i386/server/libjvm.so at 0xb6944000
ECX=0x08ab4d00 is an unknown value
EDX=0x69a2ef60 is an unknown value
ESP=0x6a912b30 is pointing into the stack for thread: 0x6add2800
EBP=0x08f22148 is an unknown value
ESI=0x6a9133cc is pointing into the stack for thread: 0x6add2800
EDI=0x69a2ef60 is an unknown value


Stack: [0x6a894000,0x6a915000],  sp=0x6a912b30,  free space=506k
Native frames: (J=compiled Java code, j=interpreted, Vv=VM code, C=native code)
V  [libjvm.so+0x4a7a23]  PhaseIdealLoop::build_loop_late_post(Node*)+0x143


Current CompileTask:
C2:1120251 563      jregex.Pretokenizer.next()V (1064 bytes)


---------------  P R O C E S S  ---------------

Java Threads: ( => current thread )
  0x08d92400 JavaThread "New I/O server worker #1-8" [_thread_in_native, id=9350, stack(0x691af000,0x69200000)]
  0x08972400 JavaThread "New I/O server worker #1-4" [_thread_in_native, id=9349, stack(0x6a0af000,0x6a100000)]
  0x08fa2000 JavaThread "New I/O server worker #1-3" [_thread_in_native, id=9348, stack(0x693f0000,0x69441000)]
  0x088c7400 JavaThread "New I/O server worker #1-1" [_thread_in_native, id=9347, stack(0x69d0d000,0x69d5e000)]
  0x08fa4c00 JavaThread "pool-2-thread-20" [_thread_blocked, id=9346, stack(0x69d5e000,0x69daf000)]
  0x08971000 JavaThread "New I/O server worker #1-2" [_thread_in_native, id=9345, stack(0x69daf000,0x69e00000)]
  0x09179c00 JavaThread "H2 Log Writer PLAY" daemon [_thread_blocked, id=9081, stack(0x6902b000,0x6907c000)]
  0x08a41000 JavaThread "H2 File Lock Watchdog /home/andreza/workspace/play/prontuario-medico/db/h2/play.lock.db" daemon [_thread_blocked, id=9080, stack(0x69342000,0x69393000)]
  0x08977800 JavaThread "com.mchange.v2.async.ThreadPoolAsynchronousRunner$PoolThread-#2" daemon [_thread_blocked, id=9079, stack(0x69393000,0x693e4000)]
  0x08bdf400 JavaThread "com.mchange.v2.async.ThreadPoolAsynchronousRunner$PoolThread-#1" daemon [_thread_blocked, id=9078, stack(0x698af000,0x69900000)]
  0x08b4bc00 JavaThread "com.mchange.v2.async.ThreadPoolAsynchronousRunner$PoolThread-#0" daemon [_thread_blocked, id=9077, stack(0x69810000,0x69861000)]
  0x0967dc00 JavaThread "Timer-0" daemon [_thread_blocked, id=9076, stack(0x69f42000,0x69f93000)]
  0x08d7a400 JavaThread "net.sf.ehcache.CacheManager@1909385" daemon [_thread_blocked, id=9072, stack(0x69f93000,0x69fe4000)]
  0x6a3fdc00 JavaThread "play-thread-1" [_thread_blocked, id=9070, stack(0x6a05e000,0x6a0af000)]
  0x6a6b3800 JavaThread "DestroyJavaVM" [_thread_blocked, id=9052, stack(0xb67c0000,0xb6811000)]
  0x6a3ff800 JavaThread "New I/O server boss #1 ([id: 0x00e33e18, /0:0:0:0:0:0:0:0:9080])" [_thread_in_native, id=9068, stack(0x69fe4000,0x6a035000)]
  0x6add6800 JavaThread "Low Memory Detector" daemon [_thread_blocked, id=9065, stack(0x6a7c2000,0x6a813000)]
  0x6add4800 JavaThread "C2 CompilerThread1" daemon [_thread_in_native, id=9064, stack(0x6a813000,0x6a894000)]
=>0x6add2800 JavaThread "C2 CompilerThread0" daemon [_thread_in_native, id=9063, stack(0x6a894000,0x6a915000)]
  0x6add0c00 JavaThread "JDWP Event Helper Thread" daemon [_thread_blocked, id=9062, stack(0x6a915000,0x6a966000)]
  0x6adce400 JavaThread "JDWP Transport Listener: dt_socket" daemon [_thread_in_native, id=9061, stack(0x6a966000,0x6a9b7000)]
  0x6adaf800 JavaThread "Signal Dispatcher" daemon [_thread_blocked, id=9060, stack(0x6a9c9000,0x6aa1a000)]
  0x6ada0800 JavaThread "Finalizer" daemon [_thread_blocked, id=9059, stack(0x6aa1a000,0x6aa6b000)]
  0x6ad9f000 JavaThread "Reference Handler" daemon [_thread_blocked, id=9058, stack(0x6aa6b000,0x6aabc000)]

Other Threads:
  0x6ad9b000 VMThread [stack: 0x6aabc000,0x6ab3d000] [id=9057]
  0x6add8800 WatcherThread [stack: 0x6a741000,0x6a7c2000] [id=9066]

VM state:not at safepoint (normal execution)

VM Mutex/Monitor currently owned by a thread: None

Heap
 PSYoungGen      total 17216K, used 5073K [0x9de90000, 0x9f420000, 0xb33e0000)
  eden space 12992K, 36% used [0x9de90000,0x9e3286b0,0x9eb40000)
  from space 4224K, 8% used [0x9f000000,0x9f05c000,0x9f420000)
  to   space 4544K, 0% used [0x9eb40000,0x9eb40000,0x9efb0000)
 PSOldGen        total 43712K, used 8918K [0x733e0000, 0x75e90000, 0x9de90000)
  object space 43712K, 20% used [0x733e0000,0x73c95a20,0x75e90000)
 PSPermGen       total 29184K, used 29097K [0x6b3e0000, 0x6d060000, 0x733e0000)
  object space 29184K, 99% used [0x6b3e0000,0x6d04a4c8,0x6d060000)

Code Cache  [0xb34ae000, 0xb37be000, 0xb64ae000)
 total_blobs=937 nmethods=552 adapters=347 free_code_cache=47280448 largest_free_block=73088

Dynamic libraries:
08048000-08051000 r-xp 00000000 08:06 12461042   /usr/lib/jvm/java-6-openjdk/jre/bin/java
08051000-08052000 r--p 00008000 08:06 12461042   /usr/lib/jvm/java-6-openjdk/jre/bin/java
08052000-08053000 rw-p 00009000 08:06 12461042   /usr/lib/jvm/java-6-openjdk/jre/bin/java
08879000-09f18000 rw-p 00000000 00:00 0          [heap]
68d00000-68dfc000 rw-p 00000000 00:00 0 
68dfc000-68e00000 ---p 00000000 00:00 0 
68f00000-68fff000 rw-p 00000000 00:00 0 
68fff000-69000000 ---p 00000000 00:00 0 
6902b000-6902e000 ---p 00000000 00:00 0 
6902e000-6907c000 rw-p 00000000 00:00 0 
691af000-691b2000 ---p 00000000 00:00 0 
691b2000-69200000 rw-p 00000000 00:00 0 
69200000-692ef000 rw-p 00000000 00:00 0 
692ef000-69300000 ---p 00000000 00:00 0 
69342000-69345000 ---p 00000000 00:00 0 
69345000-69393000 rw-p 00000000 00:00 0 
69393000-69396000 ---p 00000000 00:00 0 
69396000-693e4000 rw-p 00000000 00:00 0 
693f0000-693f3000 ---p 00000000 00:00 0 
693f3000-69441000 rw-p 00000000 00:00 0 
69500000-695f2000 rw-p 00000000 00:00 0 
695f2000-69600000 ---p 00000000 00:00 0 
69600000-696ff000 rw-p 00000000 00:00 0 
696ff000-69700000 ---p 00000000 00:00 0 
69700000-697f7000 rw-p 00000000 00:00 0 
697f7000-69800000 ---p 00000000 00:00 0 
69810000-69813000 ---p 00000000 00:00 0 
69813000-69861000 rw-p 00000000 00:00 0 
698af000-698b2000 ---p 00000000 00:00 0 
698b2000-69900000 rw-p 00000000 00:00 0 
69900000-699fa000 rw-p 00000000 00:00 0 
699fa000-69a00000 ---p 00000000 00:00 0 
69a00000-69af8000 rw-p 00000000 00:00 0 
69af8000-69b00000 ---p 00000000 00:00 0 
69b00000-69bfe000 rw-p 00000000 00:00 0 
69bfe000-69c00000 ---p 00000000 00:00 0 
69c00000-69cf5000 rw-p 00000000 00:00 0 
69cf5000-69d00000 ---p 00000000 00:00 0 
69d0d000-69d10000 ---p 00000000 00:00 0 
69d10000-69d5e000 rw-p 00000000 00:00 0 
69d5e000-69d61000 ---p 00000000 00:00 0 
69d61000-69daf000 rw-p 00000000 00:00 0 
69daf000-69db2000 ---p 00000000 00:00 0 
69db2000-69e00000 rw-p 00000000 00:00 0 
69e00000-69edd000 rw-p 00000000 00:00 0 
69edd000-69f00000 ---p 00000000 00:00 0 
69f42000-69f45000 ---p 00000000 00:00 0 
69f45000-69f93000 rw-p 00000000 00:00 0 
69f93000-69f96000 ---p 00000000 00:00 0 
69f96000-69fe4000 rw-p 00000000 00:00 0 
69fe4000-69fe7000 ---p 00000000 00:00 0 
69fe7000-6a035000 rw-p 00000000 00:00 0 
6a05e000-6a061000 ---p 00000000 00:00 0 
6a061000-6a0af000 rw-p 00000000 00:00 0 
6a0af000-6a0b2000 ---p 00000000 00:00 0 
6a0b2000-6a100000 rw-p 00000000 00:00 0 
6a100000-6a1f2000 rw-p 00000000 00:00 0 
6a1f2000-6a200000 ---p 00000000 00:00 0 
6a200000-6a300000 rw-p 00000000 00:00 0 
6a300000-6a400000 rw-p 00000000 00:00 0 
6a409000-6a40c000 r--s 00031000 08:06 12454828   /usr/lib/jvm/java-6-openjdk/jre/lib/ext/sunjce_provider.jar
6a40c000-6a40e000 r--s 00013000 08:06 12456472   /usr/lib/jvm/java-6-openjdk/jre/lib/jce.jar
6a40e000-6a415000 r-xp 00000000 08:06 12461001   /usr/lib/jvm/java-6-openjdk/jre/lib/i386/libmanagement.so
6a415000-6a416000 r--p 00006000 08:06 12461001   /usr/lib/jvm/java-6-openjdk/jre/lib/i386/libmanagement.so
6a416000-6a417000 rw-p 00007000 08:06 12461001   /usr/lib/jvm/java-6-openjdk/jre/lib/i386/libmanagement.so
6a417000-6a41f000 r-xp 00000000 08:06 12461004   /usr/lib/jvm/java-6-openjdk/jre/lib/i386/libnio.so
6a41f000-6a420000 r--p 00007000 08:06 12461004   /usr/lib/jvm/java-6-openjdk/jre/lib/i386/libnio.so
6a420000-6a421000 rw-p 00008000 08:06 12461004   /usr/lib/jvm/java-6-openjdk/jre/lib/i386/libnio.so
6a421000-6a436000 r-xp 00000000 08:06 12461003   /usr/lib/jvm/java-6-openjdk/jre/lib/i386/libnet.so
6a436000-6a437000 r--p 00014000 08:06 12461003   /usr/lib/jvm/java-6-openjdk/jre/lib/i386/libnet.so
6a437000-6a438000 rw-p 00015000 08:06 12461003   /usr/lib/jvm/java-6-openjdk/jre/lib/i386/libnet.so
6a438000-6a43e000 r--s 00067000 08:06 9443095    /home/andreza/play-1.2.4/framework/lib/antlr-2.7.6.jar
6a43e000-6a440000 r--s 00015000 08:06 9443135    /home/andreza/play-1.2.4/framework/lib/jregex-1.2_01.jar
6a440000-6a44a000 r--s 0006f000 08:06 9443111    /home/andreza/play-1.2.4/framework/lib/ehcache-core-2.0.0.jar
6a44a000-6a44c000 r--s 00015000 08:06 9443131    /home/andreza/play-1.2.4/framework/lib/jj-simplecaptcha.jar
6a44c000-6a452000 r--s 00049000 08:06 9443100    /home/andreza/play-1.2.4/framework/lib/cglib-nodep-2.2.jar
6a452000-6a454000 r--s 0000d000 08:06 9443109    /home/andreza/play-1.2.4/framework/lib/commons-logging-1.1.1.jar
6a454000-6a463000 r--s 0007c000 08:06 9443134    /home/andreza/play-1.2.4/framework/lib/joda-time-2.0.jar
6a463000-6a469000 r--s 00040000 08:06 9443142    /home/andreza/play-1.2.4/framework/lib/memcached-2.6.jar
6a469000-6a46c000 r--s 00022000 08:06 9443126    /home/andreza/play-1.2.4/framework/lib/jamon-2.7.jar
6a46c000-6a470000 r--s 00027000 08:06 9443115    /home/andreza/play-1.2.4/framework/lib/gson-1.7.1.jar
6a470000-6a47b000 r--s 0008b000 08:06 9443099    /home/andreza/play-1.2.4/framework/lib/c3p0-0.9.1.2.jar
6a47b000-6a4a0000 r--s 00172000 08:06 9443098    /home/andreza/play-1.2.4/framework/lib/bcprov-jdk15-1.45.jar
6a4a0000-6a4a5000 r--s 00041000 08:06 9443108    /home/andreza/play-1.2.4/framework/lib/commons-lang-2.6.jar
6a4a5000-6a4cf000 r--s 00427000 08:06 9443145    /home/andreza/play-1.2.4/framework/lib/org.eclipse.jdt.core-3.8.0.v_C03.jar
6a4cf000-6a4d1000 r--s 00002000 08:06 9443137    /home/andreza/play-1.2.4/framework/lib/jta-1.1.jar
6a4d1000-6a4d8000 r--s 0004d000 08:06 9443097    /home/andreza/play-1.2.4/framework/lib/async-http-client-1.6.5.jar
6a4d8000-6a4df000 r--s 00049000 08:06 9443146    /home/andreza/play-1.2.4/framework/lib/oval-1.50.jar
6a4df000-6a4e0000 r--s 00007000 08:06 9443104    /home/andreza/play-1.2.4/framework/lib/commons-email-1.2.jar
6a4e0000-6a4e3000 r--s 00011000 08:06 9443112    /home/andreza/play-1.2.4/framework/lib/ezmorph-1.0.3.jar
6a4e3000-6a4ea000 r--s 00038000 08:06 9443133    /home/andreza/play-1.2.4/framework/lib/jj-wikitext.jar
6a4ea000-6a4ed000 r--s 0000f000 08:06 9443118    /home/andreza/play-1.2.4/framework/lib/hibernate-commons-annotations-3.2.0.Final.jar
6a4ed000-6a4ef000 r--s 00001000 08:06 9443136    /home/andreza/play-1.2.4/framework/lib/jsr107cache-1.0.jar
6a4ef000-6a4f2000 r--s 00024000 08:06 9443106    /home/andreza/play-1.2.4/framework/lib/commons-io-2.0.1.jar
6a4f2000-6a4fb000 r--s 0005d000 08:06 9443122    /home/andreza/play-1.2.4/framework/lib/hibernate-entitymanager-3.6.0.Final.jar
6a4fb000-6a54f000 r--s 00520000 08:06 9443114    /home/andreza/play-1.2.4/framework/lib/groovy-all-1.7.10.jar
6a54f000-6a551000 r--s 00008000 08:06 9443148    /home/andreza/play-1.2.4/framework/lib/signpost-core-1.2.jar
6a551000-6a553000 r--s 0000e000 08:06 9443107    /home/andreza/play-1.2.4/framework/lib/commons-javaflow-1066591.jar
6a553000-6a563000 r--s 000b2000 08:06 9443144    /home/andreza/play-1.2.4/framework/lib/netty-3.2.5.Final.jar
6a563000-6a56a000 r--s 000b7000 08:06 9443143    /home/andreza/play-1.2.4/framework/lib/mysql-connector-java-5.1.13.jar
6a56a000-6a573000 r--s 0006d000 08:06 9443140    /home/andreza/play-1.2.4/framework/lib/log4j-1.2.16.jar
6a573000-6a579000 r--s 00032000 08:06 9443129    /home/andreza/play-1.2.4/framework/lib/jaxen-1.1.jar
6a579000-6a57c000 r--s 0000f000 08:06 9443113    /home/andreza/play-1.2.4/framework/lib/geronimo-servlet_2.5_spec-1.2.jar
6a57c000-6a57e000 r--s 0000b000 08:06 9443132    /home/andreza/play-1.2.4/framework/lib/jj-textile.jar
6a57e000-6a584000 r--s 00038000 08:06 9443151    /home/andreza/play-1.2.4/framework/lib/snakeyaml-1.7.jar
6a584000-6a58f000 r--s 0005a000 08:06 9443152    /home/andreza/play-1.2.4/framework/lib/xstream-1.3.jar
6a58f000-6a594000 r--s 0002e000 08:06 9443096    /home/andreza/play-1.2.4/framework/lib/asm-all-3.3.1.jar
6a594000-6a5a2000 r--s 0007f000 08:06 9443103    /home/andreza/play-1.2.4/framework/lib/commons-collections-3.2.1.jar
6a5a2000-6a5a4000 r--s 0000d000 08:06 9443105    /home/andreza/play-1.2.4/framework/lib/commons-fileupload-1.2.2.jar
6a5a4000-6a5aa000 r--s 00034000 08:06 9443138    /home/andreza/play-1.2.4/framework/lib/junit-4.8.1.jar
6a5aa000-6a5b1000 r--s 0006a000 08:06 9443141    /home/andreza/play-1.2.4/framework/lib/mail-1.4.3.jar
6a5b1000-6a5b7000 r--s 0007e000 08:06 9443147    /home/andreza/play-1.2.4/framework/lib/postgresql-9.0.jar
6a5b7000-6a5e9000 r--s 002c7000 08:06 9443120    /home/andreza/play-1.2.4/framework/lib/hibernate-core-3.6.1.Final.jar
6a5e9000-6a5ee000 r--s 00034000 08:06 9443101    /home/andreza/play-1.2.4/framework/lib/commons-beanutils-1.8.3.jar
6a5ee000-6a5f3000 r--s 00020000 08:06 9443130    /home/andreza/play-1.2.4/framework/lib/jj-imaging.jar
6a5f3000-6a5f8000 r--s 00014000 08:06 9443124    /home/andreza/play-1.2.4/framework/lib/hibernate-jpa-2.0-api-1.0.0.Final.jar
6a5f8000-6a600000 r--s 0008a000 08:06 9443127    /home/andreza/play-1.2.4/framework/lib/javassist-3.9.0.GA.jar
6a600000-6a6f9000 rw-p 00000000 00:00 0 
6a6f9000-6a700000 ---p 00000000 00:00 0 
6a700000-6a70f000 r--s 000d9000 08:06 9443125    /home/andreza/play-1.2.4/framework/lib/ivy-2.2.0.jar
6a70f000-6a711000 r--s 0000d000 08:06 9443102    /home/andreza/play-1.2.4/framework/lib/commons-codec-1.4.jar
6a711000-6a71c000 r--s 00124000 08:06 9443116    /home/andreza/play-1.2.4/framework/lib/h2-1.3.149.jar
6a71c000-6a71e000 r--s 00005000 08:06 9443149    /home/andreza/play-1.2.4/framework/lib/slf4j-api-1.6.1.jar
6a71e000-6a71f000 r--s 00002000 08:06 9443150    /home/andreza/play-1.2.4/framework/lib/slf4j-log4j12-1.6.1.jar
6a71f000-6a726000 r--s 000bd000 08:06 9316848    /home/andreza/workspace/play/prontuario-medico/lib/mysql-connector-java-5.1.19-bin.jar
6a726000-6a741000 r--s 00178000 08:06 9316973    /home/andreza/workspace/play/prontuario-medico/lib/myfaces-impl-2.0.2.jar
6a741000-6a742000 ---p 00000000 00:00 0 
6a742000-6a7c2000 rw-p 00000000 00:00 0 
6a7c2000-6a7c5000 ---p 00000000 00:00 0 
6a7c5000-6a813000 rw-p 00000000 00:00 0 
6a813000-6a816000 ---p 00000000 00:00 0 
6a816000-6a894000 rw-p 00000000 00:00 0 
6a894000-6a897000 ---p 00000000 00:00 0 
6a897000-6a915000 rw-p 00000000 00:00 0 
6a915000-6a918000 ---p 00000000 00:00 0 
6a918000-6a966000 rw-p 00000000 00:00 0 
6a966000-6a969000 ---p 00000000 00:00 0 
6a969000-6a9b7000 rw-p 00000000 00:00 0 
6a9b7000-6a9bb000 r-xp 00000000 08:06 12460985   /usr/lib/jvm/java-6-openjdk/jre/lib/i386/libdt_socket.so
6a9bb000-6a9bc000 r--p 00003000 08:06 12460985   /usr/lib/jvm/java-6-openjdk/jre/lib/i386/libdt_socket.so
6a9bc000-6a9bd000 rw-p 00004000 08:06 12460985   /usr/lib/jvm/java-6-openjdk/jre/lib/i386/libdt_socket.so
6a9bd000-6a9c9000 r--s 000c2000 08:06 9443301    /home/andreza/play-1.2.4/framework/play-1.2.4.jar
6a9c9000-6a9cc000 ---p 00000000 00:00 0 
6a9cc000-6aa1a000 rw-p 00000000 00:00 0 
6aa1a000-6aa1d000 ---p 00000000 00:00 0 
6aa1d000-6aa6b000 rw-p 00000000 00:00 0 
6aa6b000-6aa6e000 ---p 00000000 00:00 0 
6aa6e000-6aabc000 rw-p 00000000 00:00 0 
6aabc000-6aabd000 ---p 00000000 00:00 0 
6aabd000-6ab70000 rw-p 00000000 00:00 0 
6ab70000-6ad00000 r--s 037ba000 08:06 12460973   /usr/lib/jvm/java-6-openjdk/jre/lib/rt.jar
6ad00000-6ae00000 rw-p 00000000 00:00 0 
6ae00000-6ae05000 r--s 00048000 08:06 9443110    /home/andreza/play-1.2.4/framework/lib/dom4j-1.6.1.jar
6ae05000-6ae06000 ---p 00000000 00:00 0 
6ae06000-6ae86000 rw-p 00000000 00:00 0 
6ae86000-6ae87000 ---p 00000000 00:00 0 
6ae87000-6af07000 rw-p 00000000 00:00 0 
6af07000-6af08000 ---p 00000000 00:00 0 
6af08000-6af88000 rw-p 00000000 00:00 0 
6af88000-6af89000 ---p 00000000 00:00 0 
6af89000-6b018000 rw-p 00000000 00:00 0 
6b018000-6b049000 rw-p 00000000 00:00 0 
6b049000-6b05f000 rw-p 00000000 00:00 0 
6b05f000-6b19f000 rw-p 00000000 00:00 0 
6b19f000-6b1ae000 rw-p 00000000 00:00 0 
6b1ae000-6b1df000 rw-p 00000000 00:00 0 
6b1df000-6b1f5000 rw-p 00000000 00:00 0 
6b1f5000-6b334000 rw-p 00000000 00:00 0 
6b334000-6b340000 rw-p 00000000 00:00 0 
6b340000-6b345000 ---p 00000000 00:00 0 
6b345000-6b3df000 rw-p 00000000 00:00 0 
6b3df000-6d060000 rw-p 00000000 00:00 0 
6d060000-733e0000 rw-p 00000000 00:00 0 
733e0000-75e90000 rw-p 00000000 00:00 0 
75e90000-9de90000 rw-p 00000000 00:00 0 
9de90000-9f420000 rw-p 00000000 00:00 0 
9f420000-9fe70000 ---p 00000000 00:00 0 
9fe70000-b33e0000 rw-p 00000000 00:00 0 
b33e0000-b33e1000 r--s 00000000 08:06 9443128    /home/andreza/play-1.2.4/framework/lib/javax.inject-1.0.jar
b33e1000-b33e3000 r--s 0000c000 08:06 9443094    /home/andreza/play-1.2.4/framework/lib/activation-1.1.1.jar
b33e3000-b33e6000 r--s 0007d000 08:06 12456473   /usr/lib/jvm/java-6-openjdk/jre/lib/jsse.jar
b33e6000-b33ee000 r--s 00066000 08:06 12851336   /usr/share/java/gnome-java-bridge.jar
b33ee000-b33fb000 rw-p 00000000 00:00 0 
b33fb000-b34ae000 rw-p 00000000 00:00 0 
b34ae000-b37be000 rwxp 00000000 00:00 0 
b37be000-b64ae000 rw-p 00000000 00:00 0 
b64ae000-b64b9000 r-xp 00000000 08:06 17826846   /lib/i386-linux-gnu/libnss_files-2.13.so
b64b9000-b64ba000 r--p 0000a000 08:06 17826846   /lib/i386-linux-gnu/libnss_files-2.13.so
b64ba000-b64bb000 rw-p 0000b000 08:06 17826846   /lib/i386-linux-gnu/libnss_files-2.13.so
b64bb000-b64c5000 r-xp 00000000 08:06 17831537   /lib/i386-linux-gnu/libnss_nis-2.13.so
b64c5000-b64c6000 r--p 00009000 08:06 17831537   /lib/i386-linux-gnu/libnss_nis-2.13.so
b64c6000-b64c7000 rw-p 0000a000 08:06 17831537   /lib/i386-linux-gnu/libnss_nis-2.13.so
b64c7000-b64dc000 r-xp 00000000 08:06 17826836   /lib/i386-linux-gnu/libnsl-2.13.so
b64dc000-b64dd000 r--p 00015000 08:06 17826836   /lib/i386-linux-gnu/libnsl-2.13.so
b64dd000-b64de000 rw-p 00016000 08:06 17826836   /lib/i386-linux-gnu/libnsl-2.13.so
b64de000-b64e0000 rw-p 00000000 00:00 0 
b64e0000-b64e8000 r-xp 00000000 08:06 17826840   /lib/i386-linux-gnu/libnss_compat-2.13.so
b64e8000-b64e9000 r--p 00007000 08:06 17826840   /lib/i386-linux-gnu/libnss_compat-2.13.so
b64e9000-b64ea000 rw-p 00008000 08:06 17826840   /lib/i386-linux-gnu/libnss_compat-2.13.so
b64ea000-b64eb000 rw-p 00000000 00:00 0 
b64eb000-b64f2000 r-xp 00000000 08:06 12461010   /usr/lib/jvm/java-6-openjdk/jre/lib/i386/libzip.so
b64f2000-b64f3000 r--p 00006000 08:06 12461010   /usr/lib/jvm/java-6-openjdk/jre/lib/i386/libzip.so
b64f3000-b64f4000 rw-p 00007000 08:06 12461010   /usr/lib/jvm/java-6-openjdk/jre/lib/i386/libzip.so
b64f4000-b64fc000 rw-s 00000000 08:06 3407929    /tmp/hsperfdata_andreza/9051
b64fc000-b64fd000 r--p 006b2000 08:06 12458782   /usr/lib/locale/locale-archive
b64fd000-b653d000 r--p 002bd000 08:06 12458782   /usr/lib/locale/locale-archive
b653d000-b673d000 r--p 00000000 08:06 12458782   /usr/lib/locale/locale-archive
b673d000-b6740000 r-xp 00000000 08:06 12461005   /usr/lib/jvm/java-6-openjdk/jre/lib/i386/libnpt.so
b6740000-b6741000 r--p 00002000 08:06 12461005   /usr/lib/jvm/java-6-openjdk/jre/lib/i386/libnpt.so
b6741000-b6742000 rw-p 00003000 08:06 12461005   /usr/lib/jvm/java-6-openjdk/jre/lib/i386/libnpt.so
b6742000-b674c000 r-xp 00000000 08:06 12460988   /usr/lib/jvm/java-6-openjdk/jre/lib/i386/libinstrument.so
b674c000-b674d000 r--p 00009000 08:06 12460988   /usr/lib/jvm/java-6-openjdk/jre/lib/i386/libinstrument.so
b674d000-b674e000 rw-p 0000a000 08:06 12460988   /usr/lib/jvm/java-6-openjdk/jre/lib/i386/libinstrument.so
b674e000-b678c000 r-xp 00000000 08:06 12460996   /usr/lib/jvm/java-6-openjdk/jre/lib/i386/libjdwp.so
b678c000-b678d000 r--p 0003d000 08:06 12460996   /usr/lib/jvm/java-6-openjdk/jre/lib/i386/libjdwp.so
b678d000-b678e000 rw-p 0003e000 08:06 12460996   /usr/lib/jvm/java-6-openjdk/jre/lib/i386/libjdwp.so
b678e000-b67b4000 r-xp 00000000 08:06 12460993   /usr/lib/jvm/java-6-openjdk/jre/lib/i386/libjava.so
b67b4000-b67b5000 r--p 00025000 08:06 12460993   /usr/lib/jvm/java-6-openjdk/jre/lib/i386/libjava.so
b67b5000-b67b7000 rw-p 00026000 08:06 12460993   /usr/lib/jvm/java-6-openjdk/jre/lib/i386/libjava.so
b67b7000-b67be000 r-xp 00000000 08:06 17831542   /lib/i386-linux-gnu/librt-2.13.so
b67be000-b67bf000 r--p 00006000 08:06 17831542   /lib/i386-linux-gnu/librt-2.13.so
b67bf000-b67c0000 rw-p 00007000 08:06 17831542   /lib/i386-linux-gnu/librt-2.13.so
b67c0000-b67c3000 ---p 00000000 00:00 0 
b67c3000-b6811000 rw-p 00000000 00:00 0 
b6811000-b682d000 r-xp 00000000 08:06 17826746   /lib/i386-linux-gnu/libgcc_s.so.1
b682d000-b682e000 r--p 0001b000 08:06 17826746   /lib/i386-linux-gnu/libgcc_s.so.1
b682e000-b682f000 rw-p 0001c000 08:06 17826746   /lib/i386-linux-gnu/libgcc_s.so.1
b682f000-b6857000 r-xp 00000000 08:06 17826830   /lib/i386-linux-gnu/libm-2.13.so
b6857000-b6858000 r--p 00028000 08:06 17826830   /lib/i386-linux-gnu/libm-2.13.so
b6858000-b6859000 rw-p 00029000 08:06 17826830   /lib/i386-linux-gnu/libm-2.13.so
b6859000-b6937000 r-xp 00000000 08:06 12457351   /usr/lib/i386-linux-gnu/libstdc++.so.6.0.16
b6937000-b6938000 ---p 000de000 08:06 12457351   /usr/lib/i386-linux-gnu/libstdc++.so.6.0.16
b6938000-b693c000 r--p 000de000 08:06 12457351   /usr/lib/i386-linux-gnu/libstdc++.so.6.0.16
b693c000-b693d000 rw-p 000e2000 08:06 12457351   /usr/lib/i386-linux-gnu/libstdc++.so.6.0.16
b693d000-b6944000 rw-p 00000000 00:00 0 
b6944000-b7162000 r-xp 00000000 08:06 12461014   /usr/lib/jvm/java-6-openjdk/jre/lib/i386/server/libjvm.so
b7162000-b71a7000 r--p 0081e000 08:06 12461014   /usr/lib/jvm/java-6-openjdk/jre/lib/i386/server/libjvm.so
b71a7000-b71b6000 rw-p 00863000 08:06 12461014   /usr/lib/jvm/java-6-openjdk/jre/lib/i386/server/libjvm.so
b71b6000-b75d2000 rw-p 00000000 00:00 0 
b75d2000-b75e5000 r-xp 00000000 08:06 17826808   /lib/i386-linux-gnu/libz.so.1.2.3.4
b75e5000-b75e6000 r--p 00012000 08:06 17826808   /lib/i386-linux-gnu/libz.so.1.2.3.4
b75e6000-b75e7000 rw-p 00013000 08:06 17826808   /lib/i386-linux-gnu/libz.so.1.2.3.4
b75e7000-b775f000 r-xp 00000000 08:06 17826798   /lib/i386-linux-gnu/libc-2.13.so
b775f000-b7761000 r--p 00178000 08:06 17826798   /lib/i386-linux-gnu/libc-2.13.so
b7761000-b7762000 rw-p 0017a000 08:06 17826798   /lib/i386-linux-gnu/libc-2.13.so
b7762000-b7765000 rw-p 00000000 00:00 0 
b7765000-b7768000 r-xp 00000000 08:06 17826822   /lib/i386-linux-gnu/libdl-2.13.so
b7768000-b7769000 r--p 00002000 08:06 17826822   /lib/i386-linux-gnu/libdl-2.13.so
b7769000-b776a000 rw-p 00003000 08:06 17826822   /lib/i386-linux-gnu/libdl-2.13.so
b776a000-b776e000 r-xp 00000000 08:06 12460981   /usr/lib/jvm/java-6-openjdk/jre/lib/i386/jli/libjli.so
b776e000-b776f000 r--p 00003000 08:06 12460981   /usr/lib/jvm/java-6-openjdk/jre/lib/i386/jli/libjli.so
b776f000-b7770000 rw-p 00004000 08:06 12460981   /usr/lib/jvm/java-6-openjdk/jre/lib/i386/jli/libjli.so
b7770000-b7771000 rw-p 00000000 00:00 0 
b7771000-b7788000 r-xp 00000000 08:06 17831540   /lib/i386-linux-gnu/libpthread-2.13.so
b7788000-b7789000 r--p 00016000 08:06 17831540   /lib/i386-linux-gnu/libpthread-2.13.so
b7789000-b778a000 rw-p 00017000 08:06 17831540   /lib/i386-linux-gnu/libpthread-2.13.so
b778a000-b778c000 rw-p 00000000 00:00 0 
b778c000-b778e000 r--s 0000f000 08:06 12455294   /usr/lib/jvm/java-6-openjdk/jre/lib/ext/pulse-java.jar
b778e000-b778f000 rw-p 00000000 00:00 0 
b778f000-b7790000 r--p 00000000 00:00 0 
b7790000-b779b000 r-xp 00000000 08:06 12461009   /usr/lib/jvm/java-6-openjdk/jre/lib/i386/libverify.so
b779b000-b779c000 ---p 0000b000 08:06 12461009   /usr/lib/jvm/java-6-openjdk/jre/lib/i386/libverify.so
b779c000-b779d000 r--p 0000b000 08:06 12461009   /usr/lib/jvm/java-6-openjdk/jre/lib/i386/libverify.so
b779d000-b779e000 rw-p 0000c000 08:06 12461009   /usr/lib/jvm/java-6-openjdk/jre/lib/i386/libverify.so
b779e000-b77a0000 rw-p 00000000 00:00 0 
b77a0000-b77a1000 r-xp 00000000 00:00 0          [vdso]
b77a1000-b77bf000 r-xp 00000000 08:06 17825826   /lib/i386-linux-gnu/ld-2.13.so
b77bf000-b77c0000 r--p 0001d000 08:06 17825826   /lib/i386-linux-gnu/ld-2.13.so
b77c0000-b77c1000 rw-p 0001e000 08:06 17825826   /lib/i386-linux-gnu/ld-2.13.so
bf903000-bf925000 rw-p 00000000 00:00 0          [stack]

VM Arguments:
jvm_args: -javaagent:/home/andreza/play-1.2.4/framework/play-1.2.4.jar -XX:-UseSplitVerifier -Dfile.encoding=utf-8 -Xdebug -Xrunjdwp:transport=dt_socket,address=8000,server=y,suspend=n -Dplay.debug=yes -Dapplication.path=/home/andreza/workspace/play/prontuario-medico -Dplay.id= 
java_command: play.server.Server 
Launcher Type: SUN_STANDARD

Environment Variables:
PATH=/home/andreza/.rvm/gems/ruby-1.9.2-p320/bin:/home/andreza/.rvm/gems/ruby-1.9.2-p320@global/bin:/home/andreza/.rvm/rubies/ruby-1.9.2-p320/bin:/home/andreza/.rvm/bin:/usr/lib/lightdm/lightdm:/usr/local/sbin:/usr/local/bin:/usr/sbin:/usr/bin:/sbin:/bin:/usr/games:/home/andreza/.rvm/bin:/home/andreza/play-1.2.4/
USERNAME=andreza
LD_LIBRARY_PATH=/usr/lib/jvm/java-6-openjdk/jre/lib/i386/server:/usr/lib/jvm/java-6-openjdk/jre/lib/i386:/usr/lib/jvm/java-6-openjdk/jre/../lib/i386
SHELL=/bin/bash
DISPLAY=:0

Signal Handlers:
SIGSEGV: [libjvm.so+0x66a530], sa_mask[0]=0x7ffbfeff, sa_flags=0x10000004
SIGBUS: [libjvm.so+0x66a530], sa_mask[0]=0x7ffbfeff, sa_flags=0x10000004
SIGFPE: [libjvm.so+0x52e2c0], sa_mask[0]=0x7ffbfeff, sa_flags=0x10000004
SIGPIPE: [libjvm.so+0x52e2c0], sa_mask[0]=0x7ffbfeff, sa_flags=0x10000004
SIGXFSZ: [libjvm.so+0x52e2c0], sa_mask[0]=0x7ffbfeff, sa_flags=0x10000004
SIGILL: [libjvm.so+0x52e2c0], sa_mask[0]=0x7ffbfeff, sa_flags=0x10000004
SIGUSR1: SIG_DFL, sa_mask[0]=0x00000000, sa_flags=0x00000000
SIGUSR2: [libjvm.so+0x52e150], sa_mask[0]=0x00000000, sa_flags=0x10000004
SIGHUP: [libjvm.so+0x5311f0], sa_mask[0]=0x7ffbfeff, sa_flags=0x10000004
SIGINT: [libjvm.so+0x5311f0], sa_mask[0]=0x7ffbfeff, sa_flags=0x10000004
SIGTERM: [libjvm.so+0x5311f0], sa_mask[0]=0x7ffbfeff, sa_flags=0x10000004
SIGQUIT: [libjvm.so+0x5311f0], sa_mask[0]=0x7ffbfeff, sa_flags=0x10000004


---------------  S Y S T E M  ---------------

OS:Ubuntu 11.10 (oneiric)
uname:Linux 3.0.0-20-generic-pae #34-Ubuntu SMP Tue May 1 18:35:40 UTC 2012 i686
libc:glibc 2.13 NPTL 2.13 
rlimit: STACK 8192k, CORE 0k, NPROC 47586, NOFILE 4096, AS infinity
load average:0,15 0,18 0,21

/proc/meminfo:
MemTotal:        6105052 kB
MemFree:         3193544 kB
Buffers:          269780 kB
Cached:          1178824 kB
SwapCached:            0 kB
Active:          1894448 kB
Inactive:         849388 kB
Active(anon):    1430612 kB
Inactive(anon):   104368 kB
Active(file):     463836 kB
Inactive(file):   745020 kB
Unevictable:          48 kB
Mlocked:              48 kB
HighTotal:       5290628 kB
HighFree:        2793516 kB
LowTotal:         814424 kB
LowFree:          400028 kB
SwapTotal:       6200316 kB
SwapFree:        6200316 kB
Dirty:               292 kB
Writeback:             0 kB
AnonPages:       1295696 kB
Mapped:           172256 kB
Shmem:            239752 kB
Slab:             108560 kB
SReclaimable:      87792 kB
SUnreclaim:        20768 kB
KernelStack:        4560 kB
PageTables:        16144 kB
NFS_Unstable:          0 kB
Bounce:                0 kB
WritebackTmp:          0 kB
CommitLimit:     9252840 kB
Committed_AS:    4854580 kB
VmallocTotal:     122880 kB
VmallocUsed:       31812 kB
VmallocChunk:      87016 kB
HardwareCorrupted:     0 kB
AnonHugePages:         0 kB
HugePages_Total:       0
HugePages_Free:        0
HugePages_Rsvd:        0
HugePages_Surp:        0
Hugepagesize:       2048 kB
DirectMap4k:       12280 kB
DirectMap2M:      901120 kB


CPU:total 4 (2 cores per cpu, 2 threads per core) family 6 model 42 stepping 7, cmov, cx8, fxsr, mmx, sse, sse2, sse3, ssse3, sse4.1, sse4.2, popcnt, ht

Memory: 4k page, physical 6105052k(3193544k free), swap 6200316k(6200316k free)

vm_info: OpenJDK Server VM (20.0-b11) for linux-x86 JRE (1.6.0_23-b23), built on Feb 23 2012 06:26:43 by "buildd" with gcc 4.6.1

time: Fri Jun  8 17:02:17 2012
elapsed time: 1120 seconds

